<?xml version="1.0" encoding="UTF-8"?>
<testsuite name="ProteinTranslatorTest" tests="31" skipped="0" failures="0" errors="0" timestamp="2024-12-30T16:01:54" hostname="fedora" time="0.058">
  <properties/>
  <testcase name="testTryptophanRnaSequence1()" classname="ProteinTranslatorTest" time="0.033"/>
  <testcase name="testTranslationOfRnaToProteinList()" classname="ProteinTranslatorTest" time="0.001"/>
  <testcase name="testSequenceOfTwoProteinCodonsTranslatesIntoProteins()" classname="ProteinTranslatorTest" time="0.001"/>
  <testcase name="testMethionineRnaSequence()" classname="ProteinTranslatorTest" time="0.001"/>
  <testcase name="testSequenceOfTwoNonStopCodonsDoNotTranslateToAStopCodon()" classname="ProteinTranslatorTest" time="0.0"/>
  <testcase name="testTranslationStopsIfStopCodonInMiddle1()" classname="ProteinTranslatorTest" time="0.0"/>
  <testcase name="testTranslationStopsIfStopCodonInMiddle2()" classname="ProteinTranslatorTest" time="0.0"/>
  <testcase name="testEmptyRnaSequenceResultInNoproteins()" classname="ProteinTranslatorTest" time="0.0"/>
  <testcase name="testSequenceOfTwoDifferentProteinCodonsTranslatesIntoProteins()" classname="ProteinTranslatorTest" time="0.0"/>
  <testcase name="testTyrosineRnaSequence1()" classname="ProteinTranslatorTest" time="0.001"/>
  <testcase name="testTyrosineRnaSequence2()" classname="ProteinTranslatorTest" time="0.001"/>
  <testcase name="testNonExistingCodonCantTranslate()" classname="ProteinTranslatorTest" time="0.002"/>
  <testcase name="testIncompleteRnaSequenceCanTranslateIfValidUntilAStopCodon()" classname="ProteinTranslatorTest" time="0.0"/>
  <testcase name="testTranslationStopsIfStopCodonAtEnd1()" classname="ProteinTranslatorTest" time="0.0"/>
  <testcase name="testTranslationStopsIfStopCodonAtEnd2()" classname="ProteinTranslatorTest" time="0.001"/>
  <testcase name="testLeucineRnaSequence1()" classname="ProteinTranslatorTest" time="0.0"/>
  <testcase name="testLeucineRnaSequence2()" classname="ProteinTranslatorTest" time="0.0"/>
  <testcase name="testStopRnaSequence1()" classname="ProteinTranslatorTest" time="0.0"/>
  <testcase name="testStopRnaSequence2()" classname="ProteinTranslatorTest" time="0.001"/>
  <testcase name="testStopRnaSequence3()" classname="ProteinTranslatorTest" time="0.0"/>
  <testcase name="testPhenylalanineRnaSequence1()" classname="ProteinTranslatorTest" time="0.0"/>
  <testcase name="testPhenylalanineRnaSequence2()" classname="ProteinTranslatorTest" time="0.0"/>
  <testcase name="testUnknownAminoAcidsNotPartOfACodonCantTranslate()" classname="ProteinTranslatorTest" time="0.0"/>
  <testcase name="testSerineRnaSequence1()" classname="ProteinTranslatorTest" time="0.0"/>
  <testcase name="testSerineRnaSequence2()" classname="ProteinTranslatorTest" time="0.0"/>
  <testcase name="testSerineRnaSequence3()" classname="ProteinTranslatorTest" time="0.0"/>
  <testcase name="testSerineRnaSequence4()" classname="ProteinTranslatorTest" time="0.0"/>
  <testcase name="testTranslationStopsIfStopCodonAtBeginning()" classname="ProteinTranslatorTest" time="0.0"/>
  <testcase name="testIncompleteRnaSequenceCantTranslate()" classname="ProteinTranslatorTest" time="0.001"/>
  <testcase name="testCysteineRnaSequence1()" classname="ProteinTranslatorTest" time="0.0"/>
  <testcase name="testCysteineRnaSequence2()" classname="ProteinTranslatorTest" time="0.001"/>
  <system-out><![CDATA[]]></system-out>
  <system-err><![CDATA[]]></system-err>
</testsuite>
