<?xml version="1.0" encoding="UTF-8"?>
<testsuite name="EliudsEggsTest" tests="4" skipped="0" failures="0" errors="0" timestamp="2024-12-29T22:08:17" hostname="fedora" time="0.034">
  <properties/>
  <testcase name="0 eggs" classname="EliudsEggsTest" time="0.03"/>
  <testcase name="4 eggs" classname="EliudsEggsTest" time="0.0"/>
  <testcase name="1 egg" classname="EliudsEggsTest" time="0.0"/>
  <testcase name="13 eggs" classname="EliudsEggsTest" time="0.0"/>
  <system-out><![CDATA[]]></system-out>
  <system-err><![CDATA[]]></system-err>
</testsuite>
