<?xml version="1.0" encoding="UTF-8"?>
<testsuite name="DifferenceOfSquaresCalculatorTest" tests="9" skipped="0" failures="0" errors="0" timestamp="2024-12-28T16:57:04" hostname="fedora" time="0.04">
  <properties/>
  <testcase name="testDifferenceOfSquaresUpToHundred()" classname="DifferenceOfSquaresCalculatorTest" time="0.031"/>
  <testcase name="testSquareOfSumUpToOne()" classname="DifferenceOfSquaresCalculatorTest" time="0.001"/>
  <testcase name="testSquareOfSumUpToHundred()" classname="DifferenceOfSquaresCalculatorTest" time="0.0"/>
  <testcase name="testDifferenceOfSquaresUpToOne()" classname="DifferenceOfSquaresCalculatorTest" time="0.001"/>
  <testcase name="testSumOfSquaresUpToHundred()" classname="DifferenceOfSquaresCalculatorTest" time="0.001"/>
  <testcase name="testSquareOfSumUpToFive()" classname="DifferenceOfSquaresCalculatorTest" time="0.001"/>
  <testcase name="testDifferenceOfSquaresUpToFive()" classname="DifferenceOfSquaresCalculatorTest" time="0.001"/>
  <testcase name="testSumOfSquaresUpToOne()" classname="DifferenceOfSquaresCalculatorTest" time="0.0"/>
  <testcase name="testSumOfSquaresUpToFive()" classname="DifferenceOfSquaresCalculatorTest" time="0.0"/>
  <system-out><![CDATA[]]></system-out>
  <system-err><![CDATA[]]></system-err>
</testsuite>
